C51 COMPILER V9.03   C_FILE                                                                04/21/2013 00:41:04 PAGE 1   


C51 COMPILER V9.03, COMPILATION OF MODULE C_FILE
OBJECT MODULE PLACED IN C_File.OBJ
COMPILER INVOKED BY: C:\Keil\C51\BIN\C51.EXE C_File.c BROWSE DEBUG OBJECTEXTEND

line level    source

   1          #include <REGX51.H>
   2          sbit motor1=P2^0; 
   3          sbit manual_move_motor1=P3^7;
   4          sbit reset=P3^6;
   5          void move_motor1(unsigned int);
   6          void main(void)
   7          {
   8   1          unsigned int a;
   9   1              unsigned char x;
  10   1              x=0;              
  11   1              P3=0x00;
  12   1              motor1=0;
  13   1              // Initializing Timer for minimum delay
  14   1              TMOD = 0x02; //Timer0 Auto-reload
  15   1              TH0 = 0xFE; 
  16   1              TL0 = 0xFE;
  17   1      
  18   1              // Auto Cycle
  19   1          move_motor1(3);
  20   1              for(a=1;a<=60000;a++);
  21   1              move_motor1(4);
  22   1              for(a=1;a<=60000;a++);
  23   1              move_motor1(3);
  24   1      
  25   1              // Manual Cycle
  26   1              while(1)
  27   1              {
  28   2                      if(reset==1)
  29   2                      {
  30   3                              move_motor1(0);
  31   3                              x=0;
  32   3                      }
  33   2                      while(manual_move_motor1==1)
  34   2                      {
  35   3                              move_motor1(x);
  36   3                              for(a=1;a<=8000;a++);
  37   3                              x++;
  38   3                      }
  39   2              }
  40   1      }
  41          void move_motor1(unsigned int loop)
  42          {
  43   1      
  44   1              unsigned int lloop;
  45   1              loop = loop + 57;
  46   1              motor1=1;
  47   1              for(lloop=1;lloop<=loop;lloop++)
  48   1              {
  49   2                      TR0=1;
  50   2                      while(TF0==0);
  51   2                      TR0=0;  
  52   2              } 
  53   1              motor1=0;
  54   1              return;
  55   1      }
C51 COMPILER V9.03   C_FILE                                                                04/21/2013 00:41:04 PAGE 2   



MODULE INFORMATION:   STATIC OVERLAYABLE
   CODE SIZE        =    191    ----
   CONSTANT SIZE    =   ----    ----
   XDATA SIZE       =   ----    ----
   PDATA SIZE       =   ----    ----
   DATA SIZE        =   ----       3
   IDATA SIZE       =   ----    ----
   BIT SIZE         =   ----    ----
END OF MODULE INFORMATION.


C51 COMPILATION COMPLETE.  0 WARNING(S),  0 ERROR(S)
