C51 COMPILER V9.03   CODE                                                                  10/25/2012 10:26:04 PAGE 1   


C51 COMPILER V9.03, COMPILATION OF MODULE CODE
OBJECT MODULE PLACED IN Code.OBJ
COMPILER INVOKED BY: C:\Keil\C51\BIN\C51.EXE Code.c BROWSE DEBUG OBJECTEXTEND

line level    source

   1          ///////////////////////////////////////////////////////////////////////////
   2          #include <REGX51.H>
   3          #include <string.h>
   4          #define lcd P0
   5          sbit rs=P1^5;
   6          sbit rw=P1^6;
   7          sbit en=P1^7;
   8          sbit lcdbusy=P0^7;
   9          ////////////////////////// LCD DISPLAY FUNCTIONS //////////////////////////
  10          void lcdcmd(unsigned char);
  11          void lcddata(unsigned char);
  12          void lcdready(void);
  13          ///////////////////////////////// DELAY //////////////////////////////////
  14          void delay(unsigned int);
  15          //////////////////////////////// VARIABLES ///////////////////////////////
  16          unsigned char a,b,i;                                            // Looping
  17          ///////////////////////////// MAIN FUNCTION //////////////////////////////
  18          void main(void)
  19          {               
  20   1              unsigned char abz[]= "ABDULLAH TAHIR";
  21   1              unsigned char disp[]="8051 TRAINER";
  22   1              P0=P1=P2=P3=0x00;
  23   1              lcdcmd(0x38);
  24   1              lcdcmd(0x0C);
  25   1              lcdcmd(0x01);
  26   1              lcdcmd(0x06);
  27   1              lcdcmd(0x82);
  28   1              for(i=0;i<=(strlen(disp)-1);i++)
  29   1              {       
  30   2                      lcddata(disp[i]);
  31   2              }
  32   1              lcdcmd(0xC1);
  33   1              for(i=0;i<=(strlen(abz)-1);i++)
  34   1              {
  35   2                      lcddata(abz[i]);
  36   2              }       
  37   1              while(1)
  38   1              {
  39   2                      
  40   2                      P2=0x11;
  41   2                      P1=0x55;
  42   2                      delay(200);
  43   2      
  44   2                      P2=0x22;
  45   2                      P1=0x2A;
  46   2                      delay(200);
  47   2      
  48   2                      P2=0x44;
  49   2                      P1=0x55;
  50   2                      delay(200);
  51   2      
  52   2                      P2=0x88;
  53   2                      P1=0x2A;
  54   2                      delay(200);
  55   2      
C51 COMPILER V9.03   CODE                                                                  10/25/2012 10:26:04 PAGE 2   

  56   2      
  57   2              }
  58   1      }
  59          /////////////////////////////////////////////////////////////////////////
  60          void lcdcmd(unsigned char value)
  61          {
  62   1              lcdready();
  63   1              lcd=value;
  64   1              rs=0;
  65   1              rw=0;
  66   1              en=1;
  67   1              delay(50);
  68   1              en=0;
  69   1              return;
  70   1      }
  71          /////////////////////////////////////////////////////////////////////////
  72          void lcddata(unsigned char value)
  73          {
  74   1              lcdready();      
  75   1              lcd=value;
  76   1              rs=1;
  77   1              rw=0;
  78   1              en=1;
  79   1              delay(50);
  80   1              en=0;
  81   1              return;
  82   1      }
  83          /////////////////////////////////////////////////////////////////////////
  84          void lcdready(void)
  85          {
  86   1              lcdbusy=1;
  87   1              rs=0;
  88   1              rw=1;
  89   1              while(lcdbusy==1)
  90   1              {
  91   2                      en=0;
  92   2                      delay(50);
  93   2                      en=1;
  94   2              }       
  95   1              return;
  96   1      }
  97          /////////////////////////////////////////////////////////////////////////
  98          void delay(unsigned int z)
  99          {       
 100   1              for(b=1;b<z;b++)
 101   1              {
 102   2                      TMOD=0X01;
 103   2                      TH0=0XFC;
 104   2                      TL0=0X66;
 105   2                      TR0=1;
 106   2                      while(TF0==0);
 107   2                      TR0=0;
 108   2                      TF0=0;                  
 109   2              }       
 110   1              return;
 111   1      }
 112          


MODULE INFORMATION:   STATIC OVERLAYABLE
   CODE SIZE        =    315    ----
   CONSTANT SIZE    =     28    ----
C51 COMPILER V9.03   CODE                                                                  10/25/2012 10:26:04 PAGE 3   

   XDATA SIZE       =   ----    ----
   PDATA SIZE       =   ----    ----
   DATA SIZE        =      3      30
   IDATA SIZE       =   ----    ----
   BIT SIZE         =   ----    ----
END OF MODULE INFORMATION.


C51 COMPILATION COMPLETE.  0 WARNING(S),  0 ERROR(S)
