C51 COMPILER V9.03   CODE                                                                  01/28/2013 22:15:22 PAGE 1   


C51 COMPILER V9.03, COMPILATION OF MODULE CODE
OBJECT MODULE PLACED IN Code.OBJ
COMPILER INVOKED BY: C:\Keil\C51\BIN\C51.EXE Code.c BROWSE DEBUG OBJECTEXTEND

line level    source

   1          ///////////////////////////////////////////////////////////////////////////
   2          #include <REGX51.H>
   3          #include <string.h>
   4          #define lcd P0
   5          sbit rs=P1^5;
   6          sbit rw=P1^6;
   7          sbit en=P1^7;
   8          sbit lcdbusy=P0^7;
   9          ////////////////////////// LCD DISPLAY FUNCTIONS //////////////////////////
  10          void lcdcmd(unsigned char);
  11          void lcddata(unsigned char);
  12          void lcdready(void);
  13          void cs(unsigned char, unsigned char,unsigned char, unsigned char, unsigned char,unsigned char,unsigned ch
             -ar, unsigned char, unsigned char,unsigned char);
  14          ///////////////////////////////// DELAY //////////////////////////////////
  15          void delay(unsigned int);
  16          //////////////////////////////// VARIABLES ///////////////////////////////
  17          unsigned char a,b,i;                                            // Looping
  18          ///////////////////////////// MAIN FUNCTION //////////////////////////////
  19          void main(void)
  20          {               
  21   1              unsigned char abz[]="ABDULLAH TAHIR";
  22   1              P0=P1=P2=P3=0x00;
  23   1              lcdcmd(0x38);
  24   1              lcdcmd(0x0C);
  25   1              lcdcmd(0x01);
  26   1              lcdcmd(0x06);
  27   1              lcdcmd(0x81);
  28   1              for(i=0;i<=(strlen(abz)-1);i++)
  29   1              {       
  30   2                      lcddata(abz[i]);
  31   2              }
  32   1              cs(120,7,0xCE,0x00,0X0A,0x15,0X11,0x0A,0X04,0x00);
  33   1              cs(112,6,0xCC,0x00,0X0A,0x00,0X04,0x04,0X11,0x0E);
  34   1              cs(104,5,0xCA,0x00,0X11,0x0A,0X11,0x00,0X0E,0x11);
  35   1              cs(96,4,0xC8,0x15,0X0A,0x15,0X0A,0x15,0X0A,0x15);
  36   1              cs(88,3,0xC6,0x1F,0X1E,0x1D,0X1B,0x17,0X0F,0x1F);
  37   1              cs(80,2,0xC4,0x04,0x0A,0X04,0x00,0x04,0X0A,0x04);
  38   1              cs(72,1,0xC2,0x11,0x04,0X11,0x04,0x11,0X04,0x11);
  39   1      //      cs(64,0,0xC0,0x00,0x03,0X05,0x05,0x05,0X05,0x00);
  40   1      }
  41          /////////////////////////////////////////////////////////////////////////
  42          
  43          void cs(unsigned char base, unsigned char display, unsigned char location,unsigned char a,unsigned char b,
             -unsigned char c,unsigned char d,unsigned char e,unsigned char f,unsigned char g)
  44          {
  45   1              lcdcmd(base);
  46   1              lcddata(a);
  47   1              lcddata(b);
  48   1              lcddata(c);
  49   1              lcddata(d);
  50   1              lcddata(e);
  51   1              lcddata(f);
  52   1              lcddata(g);
  53   1              lcdcmd(location);
C51 COMPILER V9.03   CODE                                                                  01/28/2013 22:15:22 PAGE 2   

  54   1              lcddata(display);
  55   1              return;
  56   1      }
  57          /////////////////////////////////////////////////////////////////////////
  58          void lcdcmd(unsigned char value)
  59          {
  60   1              lcdready();
  61   1              lcd=value;
  62   1              rs=0;
  63   1              rw=0;
  64   1              en=1;
  65   1              delay(50);
  66   1              en=0;
  67   1              return;
  68   1      }
  69          /////////////////////////////////////////////////////////////////////////
  70          void lcddata(unsigned char value)
  71          {
  72   1              lcdready();      
  73   1              lcd=value;
  74   1              rs=1;
  75   1              rw=0;
  76   1              en=1;
  77   1              delay(50);
  78   1              en=0;
  79   1              return;
  80   1      }
  81          /////////////////////////////////////////////////////////////////////////
  82          void lcdready(void)
  83          {
  84   1              lcdbusy=1;
  85   1              rs=0;
  86   1              rw=1;
  87   1              while(lcdbusy==1)
  88   1              {
  89   2                      en=0;
  90   2                      delay(50);
  91   2                      en=1;
  92   2              }       
  93   1              return;
  94   1      }
  95          /////////////////////////////////////////////////////////////////////////
  96          void delay(unsigned int z)
  97          {       
  98   1              for(b=1;b<z;b++)
  99   1              {
 100   2                      TMOD=0X01;
 101   2                      TH0=0XFC;
 102   2                      TL0=0X66;
 103   2                      TR0=1;
 104   2                      while(TF0==0);
 105   2                      TR0=0;
 106   2                      TF0=0;                  
 107   2              }       
 108   1              return;
 109   1      }
 110          


MODULE INFORMATION:   STATIC OVERLAYABLE
   CODE SIZE        =    453    ----
   CONSTANT SIZE    =     15    ----
C51 COMPILER V9.03   CODE                                                                  01/28/2013 22:15:22 PAGE 3   

   XDATA SIZE       =   ----    ----
   PDATA SIZE       =   ----    ----
   DATA SIZE        =      3      27
   IDATA SIZE       =   ----    ----
   BIT SIZE         =   ----    ----
END OF MODULE INFORMATION.


C51 COMPILATION COMPLETE.  0 WARNING(S),  0 ERROR(S)
