C51 COMPILER V9.03   DOT_MATRIX                                                            06/16/2012 22:35:58 PAGE 1   


C51 COMPILER V9.03, COMPILATION OF MODULE DOT_MATRIX
OBJECT MODULE PLACED IN Dot Matrix.OBJ
COMPILER INVOKED BY: C:\Keil\C51\BIN\C51.EXE Dot Matrix.c BROWSE DEBUG OBJECTEXTEND

line level    source

   1          #include <REGX51.H>
   2          void delay (void);
   3          unsigned int i,j;
   4          void main (void)
   5          {
   6   1              P1=P2=P3=P0=0x00;
   7   1              while(1)
   8   1              {
   9   2                      P2=0x01;
  10   2                      P3=0xBB;
  11   2                      delay();
  12   2                      P2=0x02;
  13   2                      P3=0xBB;
  14   2                      delay();
  15   2                      P2=0x04;
  16   2                      P3=0x00;
  17   2                      delay();
  18   2                      P2=0x08;
  19   2                      P3=0xBF;
  20   2                      delay();
  21   2                      P2=0x10;
  22   2                      P3=0xBF;
  23   2                      delay();
  24   2              }                                 
  25   1      }
  26          void delay (void)
  27          {
  28   1              for(i=1;i<=1275;i++);
  29   1              return;
  30   1      }


MODULE INFORMATION:   STATIC OVERLAYABLE
   CODE SIZE        =     79    ----
   CONSTANT SIZE    =   ----    ----
   XDATA SIZE       =   ----    ----
   PDATA SIZE       =   ----    ----
   DATA SIZE        =      4    ----
   IDATA SIZE       =   ----    ----
   BIT SIZE         =   ----    ----
END OF MODULE INFORMATION.


C51 COMPILATION COMPLETE.  0 WARNING(S),  0 ERROR(S)
