C51 COMPILER V9.03   TRANSMITTER                                                           01/04/1980 01:09:46 PAGE 1   


C51 COMPILER V9.03, COMPILATION OF MODULE TRANSMITTER
OBJECT MODULE PLACED IN transmitter.OBJ
COMPILER INVOKED BY: C:\Keil\C51\BIN\C51.EXE transmitter.c BROWSE DEBUG OBJECTEXTEND

line level    source

   1          #include <REGX51.H>
   2          void delay(unsigned int);
   3          unsigned int i;
   4          void main(void)
   5          {
   6   1      unsigned char abz[]="UETMechatronicsRobotics  Club106 127  157 159";
   7   1              TMOD=0X20;
   8   1              TH1=0XFD;
   9   1              SCON=0X50;
  10   1              TR1=1;
  11   1              delay(40);
  12   1              for(i=0;i<=46;i++)
  13   1              {
  14   2                      delay(20);
  15   2                      SBUF=abz[i];
  16   2                      while(TI==0);
  17   2                      TI=0;
  18   2              }
  19   1              while(1);
  20   1      }
  21          void delay(unsigned int itime)
  22          {
  23   1              unsigned int i,j;
  24   1              for(i=0;i<itime;i++)
  25   1                      for (j=0;j<1275;j++);
  26   1      }


MODULE INFORMATION:   STATIC OVERLAYABLE
   CODE SIZE        =    113    ----
   CONSTANT SIZE    =     46    ----
   XDATA SIZE       =   ----    ----
   PDATA SIZE       =   ----    ----
   DATA SIZE        =      2      46
   IDATA SIZE       =   ----    ----
   BIT SIZE         =   ----    ----
END OF MODULE INFORMATION.


C51 COMPILATION COMPLETE.  0 WARNING(S),  0 ERROR(S)
