C51 COMPILER V9.03   RECEIVER                                                              01/04/1980 01:09:51 PAGE 1   


C51 COMPILER V9.03, COMPILATION OF MODULE RECEIVER
OBJECT MODULE PLACED IN receiver.OBJ
COMPILER INVOKED BY: C:\Keil\C51\BIN\C51.EXE receiver.c BROWSE DEBUG OBJECTEXTEND

line level    source

   1          #include <REGX51.H>
   2          void lcdcmd(unsigned char);
   3          void lcddata(unsigned char);
   4          void delay(unsigned int);
   5          void lcdready (void); 
   6          unsigned char abz;
   7          sfr ldata=0x90;
   8          sbit rs=P2^0;
   9          sbit rw=P2^1;
  10          sbit en=P2^2;
  11          sbit busy=P1^7;
  12          
  13          void main(void)
  14          {
  15   1              unsigned char i;
  16   1              lcdcmd(0x38);
  17   1              lcdcmd(0x0C);
  18   1              lcdcmd(0x01);
  19   1              lcdcmd(0x86);
  20   1              lcdcmd(0x06);
  21   1              lcdcmd(0x0E);
  22   1              TMOD=0x20;
  23   1              TH1=0XFD;
  24   1              SCON=0X50;
  25   1              TR1=1;
  26   1              for(i=0;i<=2;i++)
  27   1              {
  28   2                      while(RI==0);
  29   2                      delay(1);
  30   2                      abz=SBUF;
  31   2                      RI=0;
  32   2                      lcddata(abz);
  33   2              }
  34   1              lcdcmd(0xC2);
  35   1              for(i=3;i<=14;i++)
  36   1              {
  37   2                      while(RI==0);
  38   2                      delay(1);
  39   2                      abz=SBUF;
  40   2                      RI=0;
  41   2                      lcddata(abz);
  42   2              }
  43   1              lcdcmd(0x91);
  44   1              for(i=14;i<=27;i++)
  45   1              {
  46   2                      while(RI==0);
  47   2                      delay(1);
  48   2                      abz=SBUF;
  49   2                      RI=0;
  50   2                      lcddata(abz);
  51   2              }
  52   1              lcdcmd(0xD0);
  53   1              for(i=27;i<=46;i++)
  54   1              {
  55   2                      while(RI==0);
C51 COMPILER V9.03   RECEIVER                                                              01/04/1980 01:09:51 PAGE 2   

  56   2                      delay(1);
  57   2                      abz=SBUF;
  58   2                      RI=0;
  59   2                      lcddata(abz);
  60   2              }
  61   1              while(1);
  62   1      }
  63          void lcdcmd(unsigned char value)
  64          {
  65   1              lcdready ();
  66   1              ldata=value;
  67   1              rs=0;
  68   1              rw=0;
  69   1              en=1;
  70   1              delay(1);
  71   1              en=0;
  72   1              return;
  73   1      }
  74          void lcddata(unsigned char value)
  75          {
  76   1              ldata=value;
  77   1              rs=1;
  78   1              rw=0;
  79   1              en=1;
  80   1              delay(1);
  81   1              en=0;
  82   1              return;
  83   1      }
  84          void delay(unsigned int itime)
  85          {
  86   1              unsigned int i,j;
  87   1              for(i=0;i<itime;i++)
  88   1                      for (j=0;j<1275;j++);
  89   1      }
  90          void lcdready (void)
  91          {
  92   1              busy=1;
  93   1              rs=0;
  94   1              rw=1;
  95   1              while (busy==1)
  96   1              {
  97   2                      en=0;
  98   2                      delay(1);
  99   2                      en=1;
 100   2              }
 101   1              return;
 102   1      }


MODULE INFORMATION:   STATIC OVERLAYABLE
   CODE SIZE        =    234    ----
   CONSTANT SIZE    =   ----    ----
   XDATA SIZE       =   ----    ----
   PDATA SIZE       =   ----    ----
   DATA SIZE        =      1       2
   IDATA SIZE       =   ----    ----
   BIT SIZE         =   ----    ----
END OF MODULE INFORMATION.


C51 COMPILATION COMPLETE.  0 WARNING(S),  0 ERROR(S)
