C51 COMPILER V9.03   RECEIVER                                                              05/26/2012 09:33:17 PAGE 1   


C51 COMPILER V9.03, COMPILATION OF MODULE RECEIVER
OBJECT MODULE PLACED IN receiver.OBJ
COMPILER INVOKED BY: C:\Keil\C51\BIN\C51.EXE receiver.c BROWSE DEBUG OBJECTEXTEND

line level    source

   1          #include <REGX51.H>
   2          sbit forward=P1^0;
   3          sbit backward=P1^1;
   4          sbit left=P1^2;
   5          sbit right=P1^3;
   6          void rec(void);
   7          unsigned char a;
   8          void main(void)
   9          {
  10   1              P0=0X00;
  11   1              P1=0X00;
  12   1              P2=0X00;
  13   1              TMOD=0X20;
  14   1              TH1=0XFD;
  15   1              SCON=0X50;
  16   1              TR1=1;
  17   1              forward=backward=left=right=0;
  18   1              rec();
  19   1      }
  20          void rec(void)
  21          {
  22   1              while(1)
  23   1              {
  24   2                      while(RI==0);
  25   2                      RI=0;
  26   2                      a=SBUF;
  27   2                      if(a==1)
  28   2                      {
  29   3                              forward=1;
  30   3                              backward=0;
  31   3                      }               
  32   2                      if(a==2)         
  33   2                      {
  34   3                              forward=0;
  35   3                              backward=1; 
  36   3                      }
  37   2                      if(a==3)
  38   2                      {
  39   3                              left=1;
  40   3                              right=0;
  41   3                      }
  42   2                      if(a==4)
  43   2                      {
  44   3                              left=0;
  45   3                              right=1;
  46   3                      }
  47   2                      if(a==0)        
  48   2                      {
  49   3                              P1=0x00;
  50   3                      }
  51   2              }
  52   1      }


MODULE INFORMATION:   STATIC OVERLAYABLE
C51 COMPILER V9.03   RECEIVER                                                              05/26/2012 09:33:17 PAGE 2   

   CODE SIZE        =     81    ----
   CONSTANT SIZE    =   ----    ----
   XDATA SIZE       =   ----    ----
   PDATA SIZE       =   ----    ----
   DATA SIZE        =      1    ----
   IDATA SIZE       =   ----    ----
   BIT SIZE         =   ----    ----
END OF MODULE INFORMATION.


C51 COMPILATION COMPLETE.  0 WARNING(S),  0 ERROR(S)
