C51 COMPILER V9.03   TRANSMITTER                                                           11/02/2003 06:42:06 PAGE 1   


C51 COMPILER V9.03, COMPILATION OF MODULE TRANSMITTER
OBJECT MODULE PLACED IN Transmitter.OBJ
COMPILER INVOKED BY: C:\Keil\C51\BIN\C51.EXE Transmitter.c BROWSE DEBUG OBJECTEXTEND

line level    source

   1          #include <REGX51.H>
   2          sbit stop=P2^0;
   3          unsigned int a;
   4          void trans(unsigned char);
   5          void main(void)
   6          {               
   7   1              TMOD=0X20;
   8   1              TH1=0XFD;
   9   1              SCON=0X50;
  10   1              TR1=1;
  11   1              for(a=1;a<=10000;a++);
  12   1              while(1)
  13   1              {
  14   2                      if(stop==1)
  15   2                              trans(0);
  16   2      
  17   2                      if(P1==0xF1)    //forward
  18   2                              trans(1);       
  19   2                      while(P1==0xF1);
  20   2      
  21   2                      if(P1==0xF2)    //backward
  22   2                              trans(2);
  23   2                      while(P1==0xF2);
  24   2      
  25   2                      if(P1==0xF4) //left
  26   2                              trans(3);
  27   2                      while(P1==0xF4);
  28   2                      
  29   2                      if(P1==0xF8) //right
  30   2                              trans(4);
  31   2                      while(P1==0xF8);                
  32   2      
  33   2                              trans(0);
  34   2                      
  35   2              }       
  36   1      }
  37          void trans(unsigned char op)
  38          {       
  39   1              SBUF=op;
  40   1              while(TI==0);
  41   1              TI=0;
  42   1              return;
  43   1      }  


MODULE INFORMATION:   STATIC OVERLAYABLE
   CODE SIZE        =    120    ----
   CONSTANT SIZE    =   ----    ----
   XDATA SIZE       =   ----    ----
   PDATA SIZE       =   ----    ----
   DATA SIZE        =      2    ----
   IDATA SIZE       =   ----    ----
   BIT SIZE         =   ----    ----
END OF MODULE INFORMATION.


C51 COMPILATION COMPLETE.  0 WARNING(S),  0 ERROR(S)
