C51 COMPILER V9.03   ABZ                                                                   05/18/2013 12:04:44 PAGE 1   


C51 COMPILER V9.03, COMPILATION OF MODULE ABZ
OBJECT MODULE PLACED IN abz.OBJ
COMPILER INVOKED BY: C:\Keil\C51\BIN\C51.EXE abz.c BROWSE DEBUG OBJECTEXTEND

line level    source

   1          ///////////////////////////////////////////////////////////////////////////
   2          #include <REGX51.H>
   3          
   4          #define lcd P0
   5          #define row P1
   6          #define col P2
   7          
   8          sbit rs=P1^5;
   9          sbit rw=P1^6;
  10          sbit en=P1^7;
  11          sbit lcdbusy=P0^7;
  12          
  13          ////////////////////////////////// KEYPAD /////////////////////////////////
  14          unsigned char keypad[4][3]={ '1', '2', '3',
  15                                                                   '4', '5', '6',
  16                                                                   '7', '8', '9',
  17                                                                   '*', '0', '#' };
  18          /////////////////////////// IMPORTANT FUNCTIONS ////////////////////////////
  19          void lcdcmd(unsigned char);
  20          void lcddata(unsigned char);
  21          void lcdready(void);
  22          
  23          char kpad(void);
  24          
  25          void delay(unsigned int);
  26          void time_delay(void);
  27          
  28          unsigned int i;                                                                 // Global looping variable
  29          
  30          //////////////////////////////////////////////////////
  31          void main(void)
  32          {       
  33   1              P0=P1=P3=0x00;
  34   1              P2=0xFF;
  35   1              lcdcmd(0x38);
  36   1              lcdcmd(0x0C);
  37   1              lcdcmd(0x01);
  38   1              lcdcmd(0x06);
  39   1              lcdcmd(0x80);
  40   1              lcddata('A');lcddata('B');lcddata('Z');                                                                 
  41   1              while(1)
  42   1              {
  43   2                      time_delay();
  44   2                      lcdcmd(0x01);
  45   2                      lcddata(kpad()); 
  46   2              }
  47   1      }
  48          /////////////////////////////////////////////////////////////////////////
  49          void lcdcmd(unsigned char value)        // Sending Commands to LCD
  50          {
  51   1              lcdready();
  52   1              lcd=value;
  53   1              rs=0;
  54   1              rw=0;
  55   1              en=1;
C51 COMPILER V9.03   ABZ                                                                   05/18/2013 12:04:44 PAGE 2   

  56   1              delay(50);
  57   1              en=0;
  58   1              return;
  59   1      }
  60          /////////////////////////////////////////////////////////////////////////
  61          void lcddata(unsigned char value)       // Sending Data to LCD
  62          {
  63   1              lcdready();      
  64   1              lcd=value;
  65   1              rs=1;
  66   1              rw=0;
  67   1              en=1;
  68   1              delay(50);
  69   1              en=0;
  70   1              return;
  71   1      }
  72          /////////////////////////////////////////////////////////////////////////
  73          void lcdready(void)                                     // Checking wether LCD is busy, if yes wait!
  74          {
  75   1              lcdbusy=1;
  76   1              rs=0;
  77   1              rw=1;
  78   1              while(lcdbusy==1)
  79   1              {
  80   2                      en=0;
  81   2                      delay(50);
  82   2                      en=1;
  83   2              }       
  84   1              return;
  85   1      }
  86          /////////////////////////////////////////////////////////////////////////
  87          char kpad(void)                                         // Keypad Subroutine
  88          {               
  89   1                      
  90   1      
  91   1              unsigned char c,r,x;
  92   1              P0=P1=P3=0x00;
  93   1              P2=0xFF;
  94   1                      
  95   1                      do
  96   1                      {
  97   2                              row=0x00;
  98   2                              c=col;
  99   2                              c&=0x0F;
 100   2                      }               
 101   1                      while(c!=0x0F);         // See until all keys are open
 102   1                              
 103   1                      do
 104   1                      {
 105   2                              do
 106   2                              {
 107   3                                      delay(20);
 108   3                                      c=col;
 109   3                                      c&=0x0F;
 110   3                              }
 111   2                              while(c==0x0F); // Keep checking for key press
 112   2                              
 113   2                              delay(20);
 114   2                              c=col;
 115   2                              c&=0x0F;                
 116   2                      }
 117   1                      while(c==0x0F);         // Is really any key pressed?
C51 COMPILER V9.03   ABZ                                                                   05/18/2013 12:04:44 PAGE 3   

 118   1      
 119   1                      while(1)
 120   1                      {
 121   2                              row=0xFE;               // Ground only first row and then check, if ALL columns are not HIGH means key does belong h
             -ere
 122   2                              c=col;
 123   2                              c&=0x0F;
 124   2                              if(c!=0x0F)
 125   2                              {
 126   3                                      r=0;
 127   3                                      break;
 128   3                              }
 129   2      
 130   2                              row=0xFD;
 131   2                              c=col;
 132   2                              c&=0x0F;//
 133   2                              if(c!=0x0F)//
 134   2                              {
 135   3                                      r=1;
 136   3                                      break;
 137   3                              }
 138   2      
 139   2                              row=0xFB;
 140   2                              c=col;
 141   2                              c&=0x0F;//
 142   2                              if(c!=0x0F)//
 143   2                              {
 144   3                                      r=2;
 145   3                                      break;
 146   3                              }
 147   2      
 148   2                              row=0xF7;
 149   2                              c=col;
 150   2                              c&=0x0F;//
 151   2                              r=3;
 152   2                              break;
 153   2                      }
 154   1              
 155   1                      if(c==0x0E)
 156   1                      {
 157   2                              x=keypad[r][0];
 158   2                      }
 159   1                      else if(c==0x0D)
 160   1                      {
 161   2                              x=keypad[r][1]; 
 162   2                      }
 163   1                      else if(c==0x0B)
 164   1                      {
 165   2                              x=keypad[r][2];
 166   2                      }
 167   1                      else
 168   1                      {
 169   2                              x=keypad[r][3];
 170   2                      }               
 171   1              return x;
 172   1      }
 173          /////////////////////////////////////////////////////////////////////////
 174          void delay(unsigned int z)
 175          {       
 176   1              for(z=1;z<=2000;z++);
 177   1              return;
 178   1      }
C51 COMPILER V9.03   ABZ                                                                   05/18/2013 12:04:44 PAGE 4   

 179          void time_delay(void)
 180          {
 181   1              unsigned int a;
 182   1              for(a=1;a<=60000;a++);
 183   1              return;
 184   1      }


MODULE INFORMATION:   STATIC OVERLAYABLE
   CODE SIZE        =    336    ----
   CONSTANT SIZE    =   ----    ----
   XDATA SIZE       =   ----    ----
   PDATA SIZE       =   ----    ----
   DATA SIZE        =     14       4
   IDATA SIZE       =   ----    ----
   BIT SIZE         =   ----    ----
END OF MODULE INFORMATION.


C51 COMPILATION COMPLETE.  0 WARNING(S),  0 ERROR(S)
