C51 COMPILER V9.03   CONTROL                                                               05/29/2012 20:38:10 PAGE 1   


C51 COMPILER V9.03, COMPILATION OF MODULE CONTROL
OBJECT MODULE PLACED IN control.OBJ
COMPILER INVOKED BY: C:\Keil\C51\BIN\C51.EXE control.c BROWSE DEBUG OBJECTEXTEND

line level    source

   1          #include <REGX51.H>
   2          
   3          sbit oforward=P0^0;
   4          sbit oreverse=P0^1;
   5          sbit oleft=P0^2;
   6          sbit oright=P0^3;
   7          
   8          sbit iforward=P3^2;
   9          sbit ireverse=P3^3;
  10          sbit ileft=P3^4;
  11          sbit iright=P3^5;
  12          
  13          unsigned char x;
  14          
  15          void main (void)
  16          {
  17   1              P0=P1=P2=P3=0x00;
  18   1      
  19   1              if (iforward==1)
  20   1              {
  21   2                      oforward=1;
  22   2              }
  23   1              if (ireverse==1)
  24   1              {
  25   2                      oreverse=1;
  26   2              }
  27   1              if (ileft==1)
  28   1              {
  29   2                      oleft=1;
  30   2              }
  31   1              if (iright==1)
  32   1              {
  33   2                      oright=1;
  34   2              }
  35   1              x=P3;
  36   1              while(P3==x);
  37   1      }


MODULE INFORMATION:   STATIC OVERLAYABLE
   CODE SIZE        =     39    ----
   CONSTANT SIZE    =   ----    ----
   XDATA SIZE       =   ----    ----
   PDATA SIZE       =   ----    ----
   DATA SIZE        =      1    ----
   IDATA SIZE       =   ----    ----
   BIT SIZE         =   ----    ----
END OF MODULE INFORMATION.


C51 COMPILATION COMPLETE.  0 WARNING(S),  0 ERROR(S)
